2017/12/17 03:19:02 [emerg] 208#0: bind() to 0.0.0.0:80 failed (98: Address in use)
2017/12/17 03:19:02 [emerg] 208#0: bind() to 0.0.0.0:80 failed (98: Address in use)
2017/12/17 03:19:02 [emerg] 208#0: bind() to 0.0.0.0:80 failed (98: Address in use)
2017/12/17 03:19:02 [emerg] 208#0: bind() to 0.0.0.0:80 failed (98: Address in use)
2017/12/17 03:19:02 [emerg] 208#0: bind() to 0.0.0.0:80 failed (98: Address in use)
2017/12/17 03:19:02 [emerg] 208#0: still could not bind()
2017/12/17 03:20:15 [emerg] 211#0: bind() to 0.0.0.0:80 failed (98: Address in use)
2017/12/17 03:20:15 [emerg] 211#0: bind() to 0.0.0.0:80 failed (98: Address in use)
2017/12/17 03:20:15 [emerg] 211#0: bind() to 0.0.0.0:80 failed (98: Address in use)
2017/12/17 03:20:15 [emerg] 211#0: bind() to 0.0.0.0:80 failed (98: Address in use)
2017/12/17 03:20:15 [emerg] 211#0: bind() to 0.0.0.0:80 failed (98: Address in use)
2017/12/17 03:20:15 [emerg] 211#0: still could not bind()
2017/12/17 04:08:29 [error] 6#6: *1 open() "/usr/share/nginx/html/favicon.ico" failed (2: No such file or directory), client: 172.18.0.1, server: localhost, request: "GET /favicon.ico HTTP/1.1", host: "localhost", referrer: "http://localhost/"
2017/12/17 04:55:11 [emerg] 1#1: host not found in upstream "autodeploy" in /etc/nginx/conf.d/default.conf:14
2017/12/17 04:55:17 [emerg] 1#1: host not found in upstream "autodeploy" in /etc/nginx/conf.d/default.conf:14
2017/12/17 04:55:24 [emerg] 1#1: host not found in upstream "autodeploy" in /etc/nginx/conf.d/default.conf:14
2017/12/17 04:55:30 [emerg] 1#1: host not found in upstream "autodeploy" in /etc/nginx/conf.d/default.conf:14
2017/12/17 04:55:36 [emerg] 1#1: host not found in upstream "autodeploy" in /etc/nginx/conf.d/default.conf:14
2017/12/17 05:05:00 [error] 5#5: *1 open() "/usr/share/nginx/html/favicon.ico" failed (2: No such file or directory), client: 192.168.99.1, server: localhost, request: "GET /favicon.ico HTTP/1.1", host: "192.168.99.107", referrer: "http://192.168.99.107/autodeploy/"
2017/12/17 05:08:52 [emerg] 1#1: host not found in upstream "autodeploy" in /etc/nginx/conf.d/default.conf:14
2017/12/17 05:09:01 [emerg] 1#1: host not found in upstream "autodeploy" in /etc/nginx/conf.d/default.conf:14
2017/12/17 05:09:07 [emerg] 1#1: host not found in upstream "autodeploy" in /etc/nginx/conf.d/default.conf:14
2017/12/17 05:09:13 [emerg] 1#1: host not found in upstream "autodeploy" in /etc/nginx/conf.d/default.conf:14
2017/12/17 05:09:19 [emerg] 1#1: host not found in upstream "autodeploy" in /etc/nginx/conf.d/default.conf:14
2017/12/17 14:35:06 [error] 5#5: *3 open() "/usr/share/nginx/html/favicon.ico" failed (2: No such file or directory), client: 10.255.0.4, server: localhost, request: "GET /favicon.ico HTTP/1.1", host: "192.168.99.109", referrer: "http://192.168.99.109/autodeploy/"
2017/12/17 14:58:49 [error] 5#5: *7 open() "/usr/share/nginx/html/favicon.ico" failed (2: No such file or directory), client: 10.255.0.3, server: localhost, request: "GET /favicon.ico HTTP/1.1", host: "192.168.99.110", referrer: "http://192.168.99.110/"
2018/04/10 08:32:13 [emerg] 1#1: host not found in upstream "autodeploy" in /etc/nginx/conf.d/default.conf:14
2018/04/10 08:32:19 [emerg] 1#1: host not found in upstream "autodeploy" in /etc/nginx/conf.d/default.conf:14
2018/04/10 08:32:40 [emerg] 1#1: host not found in upstream "autodeploy" in /etc/nginx/conf.d/default.conf:14
2018/04/10 08:32:46 [emerg] 1#1: host not found in upstream "autodeploy" in /etc/nginx/conf.d/default.conf:14
2018/04/10 08:54:43 [emerg] 1#1: host not found in upstream "autodeploy" in /etc/nginx/conf.d/default.conf:14
2018/04/10 08:54:49 [emerg] 1#1: host not found in upstream "autodeploy" in /etc/nginx/conf.d/default.conf:14
2018/04/10 08:54:55 [emerg] 1#1: host not found in upstream "autodeploy" in /etc/nginx/conf.d/default.conf:14
2018/04/10 08:55:01 [emerg] 1#1: host not found in upstream "autodeploy" in /etc/nginx/conf.d/default.conf:14
2018/04/10 08:55:07 [emerg] 1#1: host not found in upstream "autodeploy" in /etc/nginx/conf.d/default.conf:14
2018/04/10 08:55:13 [emerg] 1#1: host not found in upstream "autodeploy" in /etc/nginx/conf.d/default.conf:14
2018/04/10 09:22:14 [emerg] 1#1: host not found in upstream "autodeploy" in /etc/nginx/conf.d/default.conf:14
2018/04/10 09:22:20 [emerg] 1#1: host not found in upstream "autodeploy" in /etc/nginx/conf.d/default.conf:14
2018/04/10 09:22:26 [emerg] 1#1: host not found in upstream "autodeploy" in /etc/nginx/conf.d/default.conf:14
2018/04/10 09:22:32 [emerg] 1#1: host not found in upstream "autodeploy" in /etc/nginx/conf.d/default.conf:14
2018/04/10 09:22:38 [emerg] 1#1: host not found in upstream "autodeploy" in /etc/nginx/conf.d/default.conf:14
2018/04/10 09:22:44 [emerg] 1#1: host not found in upstream "autodeploy" in /etc/nginx/conf.d/default.conf:14
2018/04/10 09:22:50 [emerg] 1#1: host not found in upstream "autodeploy" in /etc/nginx/conf.d/default.conf:14
2018/04/10 09:22:57 [emerg] 1#1: host not found in upstream "autodeploy" in /etc/nginx/conf.d/default.conf:14
2018/04/10 09:23:03 [emerg] 1#1: host not found in upstream "autodeploy" in /etc/nginx/conf.d/default.conf:14
2018/04/10 09:23:09 [emerg] 1#1: host not found in upstream "autodeploy" in /etc/nginx/conf.d/default.conf:14
2018/04/10 09:23:15 [emerg] 1#1: host not found in upstream "autodeploy" in /etc/nginx/conf.d/default.conf:14
2018/04/10 09:23:21 [emerg] 1#1: host not found in upstream "autodeploy" in /etc/nginx/conf.d/default.conf:14
2018/04/10 09:23:27 [emerg] 1#1: host not found in upstream "autodeploy" in /etc/nginx/conf.d/default.conf:14
2018/04/10 09:23:33 [emerg] 1#1: host not found in upstream "autodeploy" in /etc/nginx/conf.d/default.conf:14
2018/04/10 09:23:39 [emerg] 1#1: host not found in upstream "autodeploy" in /etc/nginx/conf.d/default.conf:14
2018/04/10 09:23:46 [emerg] 1#1: host not found in upstream "autodeploy" in /etc/nginx/conf.d/default.conf:14
2018/04/10 09:23:52 [emerg] 1#1: host not found in upstream "autodeploy" in /etc/nginx/conf.d/default.conf:14
2018/04/10 09:23:58 [emerg] 1#1: host not found in upstream "autodeploy" in /etc/nginx/conf.d/default.conf:14
2018/04/10 09:24:04 [emerg] 1#1: host not found in upstream "autodeploy" in /etc/nginx/conf.d/default.conf:14
2018/04/10 09:24:10 [emerg] 1#1: host not found in upstream "autodeploy" in /etc/nginx/conf.d/default.conf:14
2018/04/10 09:24:16 [emerg] 1#1: host not found in upstream "autodeploy" in /etc/nginx/conf.d/default.conf:14
2018/04/10 09:24:22 [emerg] 1#1: host not found in upstream "autodeploy" in /etc/nginx/conf.d/default.conf:14
2018/04/10 09:24:28 [emerg] 1#1: host not found in upstream "autodeploy" in /etc/nginx/conf.d/default.conf:14
2018/04/10 09:24:34 [emerg] 1#1: host not found in upstream "autodeploy" in /etc/nginx/conf.d/default.conf:14
2018/04/10 09:24:40 [emerg] 1#1: host not found in upstream "autodeploy" in /etc/nginx/conf.d/default.conf:14
2018/04/10 09:24:46 [emerg] 1#1: host not found in upstream "autodeploy" in /etc/nginx/conf.d/default.conf:14
2018/04/10 09:24:52 [emerg] 1#1: host not found in upstream "autodeploy" in /etc/nginx/conf.d/default.conf:14
2018/04/10 09:24:58 [emerg] 1#1: host not found in upstream "autodeploy" in /etc/nginx/conf.d/default.conf:14
2018/04/10 09:25:04 [emerg] 1#1: host not found in upstream "autodeploy" in /etc/nginx/conf.d/default.conf:14
2018/04/10 09:25:10 [emerg] 1#1: host not found in upstream "autodeploy" in /etc/nginx/conf.d/default.conf:14
2018/04/10 09:25:18 [emerg] 1#1: host not found in upstream "autodeploy" in /etc/nginx/conf.d/default.conf:14
2018/04/10 09:25:24 [emerg] 1#1: host not found in upstream "autodeploy" in /etc/nginx/conf.d/default.conf:14
2018/04/10 09:25:31 [emerg] 1#1: host not found in upstream "autodeploy" in /etc/nginx/conf.d/default.conf:14
2018/04/10 09:25:37 [emerg] 1#1: host not found in upstream "autodeploy" in /etc/nginx/conf.d/default.conf:14
2018/04/10 09:25:43 [emerg] 1#1: host not found in upstream "autodeploy" in /etc/nginx/conf.d/default.conf:14
2018/04/10 09:25:49 [emerg] 1#1: host not found in upstream "autodeploy" in /etc/nginx/conf.d/default.conf:14
2018/04/10 09:25:55 [emerg] 1#1: host not found in upstream "autodeploy" in /etc/nginx/conf.d/default.conf:14
2018/04/10 09:26:01 [emerg] 1#1: host not found in upstream "autodeploy" in /etc/nginx/conf.d/default.conf:14
2018/04/10 09:26:09 [emerg] 1#1: host not found in upstream "autodeploy" in /etc/nginx/conf.d/default.conf:14
2018/04/10 09:26:17 [emerg] 1#1: host not found in upstream "autodeploy" in /etc/nginx/conf.d/default.conf:14
2018/04/10 09:26:23 [emerg] 1#1: host not found in upstream "autodeploy" in /etc/nginx/conf.d/default.conf:14
2018/04/10 09:26:35 [emerg] 1#1: host not found in upstream "autodeploy" in /etc/nginx/conf.d/default.conf:14
2018/04/10 09:26:41 [emerg] 1#1: host not found in upstream "autodeploy" in /etc/nginx/conf.d/default.conf:14
2018/04/10 09:26:47 [emerg] 1#1: host not found in upstream "autodeploy" in /etc/nginx/conf.d/default.conf:14
2018/04/10 09:26:54 [emerg] 1#1: host not found in upstream "autodeploy" in /etc/nginx/conf.d/default.conf:14
2018/04/10 09:27:00 [emerg] 1#1: host not found in upstream "autodeploy" in /etc/nginx/conf.d/default.conf:14
2018/04/10 09:27:07 [emerg] 1#1: host not found in upstream "autodeploy" in /etc/nginx/conf.d/default.conf:14
2018/04/10 09:27:13 [emerg] 1#1: host not found in upstream "autodeploy" in /etc/nginx/conf.d/default.conf:14
2018/04/10 09:27:19 [emerg] 1#1: host not found in upstream "autodeploy" in /etc/nginx/conf.d/default.conf:14
2018/04/10 09:27:25 [emerg] 1#1: host not found in upstream "autodeploy" in /etc/nginx/conf.d/default.conf:14
2018/04/10 09:27:32 [emerg] 1#1: host not found in upstream "autodeploy" in /etc/nginx/conf.d/default.conf:14
2018/04/10 09:27:38 [emerg] 1#1: host not found in upstream "autodeploy" in /etc/nginx/conf.d/default.conf:14
2018/04/10 09:27:46 [emerg] 1#1: host not found in upstream "autodeploy" in /etc/nginx/conf.d/default.conf:14
2018/04/10 09:27:52 [emerg] 1#1: host not found in upstream "autodeploy" in /etc/nginx/conf.d/default.conf:14
2018/04/10 09:27:59 [emerg] 1#1: host not found in upstream "autodeploy" in /etc/nginx/conf.d/default.conf:14
2018/04/10 09:28:05 [emerg] 1#1: host not found in upstream "autodeploy" in /etc/nginx/conf.d/default.conf:14
2018/04/10 09:28:11 [emerg] 1#1: host not found in upstream "autodeploy" in /etc/nginx/conf.d/default.conf:14
2018/04/10 09:28:18 [emerg] 1#1: host not found in upstream "autodeploy" in /etc/nginx/conf.d/default.conf:14
2018/04/10 09:28:24 [emerg] 1#1: host not found in upstream "autodeploy" in /etc/nginx/conf.d/default.conf:14
2018/04/10 09:28:31 [emerg] 1#1: host not found in upstream "autodeploy" in /etc/nginx/conf.d/default.conf:14
2018/04/10 09:28:37 [emerg] 1#1: host not found in upstream "autodeploy" in /etc/nginx/conf.d/default.conf:14
2018/04/10 09:28:43 [emerg] 1#1: host not found in upstream "autodeploy" in /etc/nginx/conf.d/default.conf:14
2018/04/10 09:28:50 [emerg] 1#1: host not found in upstream "autodeploy" in /etc/nginx/conf.d/default.conf:14
2018/04/10 09:28:56 [emerg] 1#1: host not found in upstream "autodeploy" in /etc/nginx/conf.d/default.conf:14
2018/04/10 09:29:02 [emerg] 1#1: host not found in upstream "autodeploy" in /etc/nginx/conf.d/default.conf:14
2018/04/10 09:29:08 [emerg] 1#1: host not found in upstream "autodeploy" in /etc/nginx/conf.d/default.conf:14
2018/04/10 09:29:14 [emerg] 1#1: host not found in upstream "autodeploy" in /etc/nginx/conf.d/default.conf:14
2018/04/10 09:29:20 [emerg] 1#1: host not found in upstream "autodeploy" in /etc/nginx/conf.d/default.conf:14
2018/04/10 09:29:26 [emerg] 1#1: host not found in upstream "autodeploy" in /etc/nginx/conf.d/default.conf:14
2018/04/10 09:29:33 [emerg] 1#1: host not found in upstream "autodeploy" in /etc/nginx/conf.d/default.conf:14
2018/04/10 09:29:59 [emerg] 1#1: host not found in upstream "autodeploy" in /etc/nginx/conf.d/default.conf:14
2018/04/10 09:30:25 [emerg] 1#1: host not found in upstream "autodeploy" in /etc/nginx/conf.d/default.conf:14
2018/04/10 09:30:51 [emerg] 1#1: host not found in upstream "autodeploy" in /etc/nginx/conf.d/default.conf:14
2018/04/10 09:31:12 [emerg] 1#1: host not found in upstream "autodeploy" in /etc/nginx/conf.d/default.conf:14
2018/04/10 09:31:18 [emerg] 1#1: host not found in upstream "autodeploy" in /etc/nginx/conf.d/default.conf:14
2018/04/10 09:31:24 [emerg] 1#1: host not found in upstream "autodeploy" in /etc/nginx/conf.d/default.conf:14
2018/04/10 09:31:30 [emerg] 1#1: host not found in upstream "autodeploy" in /etc/nginx/conf.d/default.conf:14
2018/04/10 09:31:36 [emerg] 1#1: host not found in upstream "autodeploy" in /etc/nginx/conf.d/default.conf:14
2018/04/10 09:31:42 [emerg] 1#1: host not found in upstream "autodeploy" in /etc/nginx/conf.d/default.conf:14
2018/04/10 09:31:48 [emerg] 1#1: host not found in upstream "autodeploy" in /etc/nginx/conf.d/default.conf:14
2018/04/10 09:31:55 [emerg] 1#1: host not found in upstream "autodeploy" in /etc/nginx/conf.d/default.conf:14
2018/04/10 09:32:01 [emerg] 1#1: host not found in upstream "autodeploy" in /etc/nginx/conf.d/default.conf:14
2018/04/10 09:32:10 [emerg] 1#1: host not found in upstream "autodeploy" in /etc/nginx/conf.d/default.conf:14
2018/04/10 09:32:16 [emerg] 1#1: host not found in upstream "autodeploy" in /etc/nginx/conf.d/default.conf:14
2018/04/10 09:32:22 [emerg] 1#1: host not found in upstream "autodeploy" in /etc/nginx/conf.d/default.conf:14
2018/04/10 09:32:28 [emerg] 1#1: host not found in upstream "autodeploy" in /etc/nginx/conf.d/default.conf:14
2018/04/10 09:32:35 [emerg] 1#1: host not found in upstream "autodeploy" in /etc/nginx/conf.d/default.conf:14
2018/04/10 09:32:42 [emerg] 1#1: host not found in upstream "autodeploy" in /etc/nginx/conf.d/default.conf:14
2018/04/10 09:32:49 [emerg] 1#1: host not found in upstream "autodeploy" in /etc/nginx/conf.d/default.conf:14
2018/04/10 09:32:55 [emerg] 1#1: host not found in upstream "autodeploy" in /etc/nginx/conf.d/default.conf:14
2018/04/10 09:33:01 [emerg] 1#1: host not found in upstream "autodeploy" in /etc/nginx/conf.d/default.conf:14
2018/04/10 09:33:07 [emerg] 1#1: host not found in upstream "autodeploy" in /etc/nginx/conf.d/default.conf:14
2018/04/10 09:33:13 [emerg] 1#1: host not found in upstream "autodeploy" in /etc/nginx/conf.d/default.conf:14
2018/04/10 09:33:20 [emerg] 1#1: host not found in upstream "autodeploy" in /etc/nginx/conf.d/default.conf:14
2018/04/10 09:33:26 [emerg] 1#1: host not found in upstream "autodeploy" in /etc/nginx/conf.d/default.conf:14
2018/04/10 09:33:31 [emerg] 1#1: host not found in upstream "autodeploy" in /etc/nginx/conf.d/default.conf:14
2018/04/10 09:33:38 [emerg] 1#1: host not found in upstream "autodeploy" in /etc/nginx/conf.d/default.conf:14
2018/04/10 09:33:44 [emerg] 1#1: host not found in upstream "autodeploy" in /etc/nginx/conf.d/default.conf:14
2018/04/10 09:33:50 [emerg] 1#1: host not found in upstream "autodeploy" in /etc/nginx/conf.d/default.conf:14
2018/04/10 09:33:56 [emerg] 1#1: host not found in upstream "autodeploy" in /etc/nginx/conf.d/default.conf:14
2018/04/10 09:34:02 [emerg] 1#1: host not found in upstream "autodeploy" in /etc/nginx/conf.d/default.conf:14
2018/04/10 09:34:08 [emerg] 1#1: host not found in upstream "autodeploy" in /etc/nginx/conf.d/default.conf:14
2018/04/10 09:34:14 [emerg] 1#1: host not found in upstream "autodeploy" in /etc/nginx/conf.d/default.conf:14
2018/04/10 09:34:20 [emerg] 1#1: host not found in upstream "autodeploy" in /etc/nginx/conf.d/default.conf:14
2018/04/10 09:34:26 [emerg] 1#1: host not found in upstream "autodeploy" in /etc/nginx/conf.d/default.conf:14
2018/04/10 09:34:32 [emerg] 1#1: host not found in upstream "autodeploy" in /etc/nginx/conf.d/default.conf:14
2018/04/10 09:34:38 [emerg] 1#1: host not found in upstream "autodeploy" in /etc/nginx/conf.d/default.conf:14
2018/04/10 09:34:45 [emerg] 1#1: host not found in upstream "autodeploy" in /etc/nginx/conf.d/default.conf:14
2018/04/10 09:34:51 [emerg] 1#1: host not found in upstream "autodeploy" in /etc/nginx/conf.d/default.conf:14
2018/04/10 09:34:57 [emerg] 1#1: host not found in upstream "autodeploy" in /etc/nginx/conf.d/default.conf:14
2018/04/10 09:35:03 [emerg] 1#1: host not found in upstream "autodeploy" in /etc/nginx/conf.d/default.conf:14
2018/04/10 09:35:09 [emerg] 1#1: host not found in upstream "autodeploy" in /etc/nginx/conf.d/default.conf:14
2018/04/10 09:35:15 [emerg] 1#1: host not found in upstream "autodeploy" in /etc/nginx/conf.d/default.conf:14
2018/04/10 09:35:22 [emerg] 1#1: host not found in upstream "autodeploy" in /etc/nginx/conf.d/default.conf:14
2018/04/10 09:35:28 [emerg] 1#1: host not found in upstream "autodeploy" in /etc/nginx/conf.d/default.conf:14
2018/04/10 09:35:34 [emerg] 1#1: host not found in upstream "autodeploy" in /etc/nginx/conf.d/default.conf:14
2018/04/10 09:35:40 [emerg] 1#1: host not found in upstream "autodeploy" in /etc/nginx/conf.d/default.conf:14
2018/04/10 09:35:46 [emerg] 1#1: host not found in upstream "autodeploy" in /etc/nginx/conf.d/default.conf:14
2018/04/10 09:35:52 [emerg] 1#1: host not found in upstream "autodeploy" in /etc/nginx/conf.d/default.conf:14
2018/04/10 09:35:58 [emerg] 1#1: host not found in upstream "autodeploy" in /etc/nginx/conf.d/default.conf:14
2018/04/10 09:36:04 [emerg] 1#1: host not found in upstream "autodeploy" in /etc/nginx/conf.d/default.conf:14
2018/04/10 09:36:10 [emerg] 1#1: host not found in upstream "autodeploy" in /etc/nginx/conf.d/default.conf:14
2018/04/10 09:36:16 [emerg] 1#1: host not found in upstream "autodeploy" in /etc/nginx/conf.d/default.conf:14
2018/04/10 09:36:22 [emerg] 1#1: host not found in upstream "autodeploy" in /etc/nginx/conf.d/default.conf:14
2018/04/10 09:36:28 [emerg] 1#1: host not found in upstream "autodeploy" in /etc/nginx/conf.d/default.conf:14
2018/04/10 09:36:34 [emerg] 1#1: host not found in upstream "autodeploy" in /etc/nginx/conf.d/default.conf:14
2018/04/10 09:36:40 [emerg] 1#1: host not found in upstream "autodeploy" in /etc/nginx/conf.d/default.conf:14
2018/04/10 09:36:46 [emerg] 1#1: host not found in upstream "autodeploy" in /etc/nginx/conf.d/default.conf:14
2018/04/10 09:36:52 [emerg] 1#1: host not found in upstream "autodeploy" in /etc/nginx/conf.d/default.conf:14
2018/04/10 09:36:58 [emerg] 1#1: host not found in upstream "autodeploy" in /etc/nginx/conf.d/default.conf:14
2018/04/10 09:37:05 [emerg] 1#1: host not found in upstream "autodeploy" in /etc/nginx/conf.d/default.conf:14
2018/04/10 09:37:11 [emerg] 1#1: host not found in upstream "autodeploy" in /etc/nginx/conf.d/default.conf:14
2018/04/10 09:37:17 [emerg] 1#1: host not found in upstream "autodeploy" in /etc/nginx/conf.d/default.conf:14
2018/04/10 09:37:24 [emerg] 1#1: host not found in upstream "autodeploy" in /etc/nginx/conf.d/default.conf:14
2018/04/10 09:37:30 [emerg] 1#1: host not found in upstream "autodeploy" in /etc/nginx/conf.d/default.conf:14
2018/04/10 09:37:36 [emerg] 1#1: host not found in upstream "autodeploy" in /etc/nginx/conf.d/default.conf:14
2018/04/10 09:37:42 [emerg] 1#1: host not found in upstream "autodeploy" in /etc/nginx/conf.d/default.conf:14
2018/04/10 09:37:48 [emerg] 1#1: host not found in upstream "autodeploy" in /etc/nginx/conf.d/default.conf:14
2018/04/10 09:37:54 [emerg] 1#1: host not found in upstream "autodeploy" in /etc/nginx/conf.d/default.conf:14
2018/04/10 09:38:00 [emerg] 1#1: host not found in upstream "autodeploy" in /etc/nginx/conf.d/default.conf:14
2018/04/10 09:38:07 [emerg] 1#1: host not found in upstream "autodeploy" in /etc/nginx/conf.d/default.conf:14
2018/04/10 09:38:13 [emerg] 1#1: host not found in upstream "autodeploy" in /etc/nginx/conf.d/default.conf:14
2018/04/10 09:38:19 [emerg] 1#1: host not found in upstream "autodeploy" in /etc/nginx/conf.d/default.conf:14
2018/04/10 09:38:25 [emerg] 1#1: host not found in upstream "autodeploy" in /etc/nginx/conf.d/default.conf:14
2018/04/10 09:38:31 [emerg] 1#1: host not found in upstream "autodeploy" in /etc/nginx/conf.d/default.conf:14
2018/04/10 09:38:38 [emerg] 1#1: host not found in upstream "autodeploy" in /etc/nginx/conf.d/default.conf:14
2018/04/10 09:38:44 [emerg] 1#1: host not found in upstream "autodeploy" in /etc/nginx/conf.d/default.conf:14
2018/04/10 09:38:50 [emerg] 1#1: host not found in upstream "autodeploy" in /etc/nginx/conf.d/default.conf:14
2018/04/10 09:38:56 [emerg] 1#1: host not found in upstream "autodeploy" in /etc/nginx/conf.d/default.conf:14
2018/04/10 09:39:02 [emerg] 1#1: host not found in upstream "autodeploy" in /etc/nginx/conf.d/default.conf:14
2018/04/10 09:39:08 [emerg] 1#1: host not found in upstream "autodeploy" in /etc/nginx/conf.d/default.conf:14
2018/04/10 09:39:34 [emerg] 1#1: host not found in upstream "autodeploy" in /etc/nginx/conf.d/default.conf:14
2018/04/10 09:40:00 [emerg] 1#1: host not found in upstream "autodeploy" in /etc/nginx/conf.d/default.conf:14
2018/04/10 09:40:26 [emerg] 1#1: host not found in upstream "autodeploy" in /etc/nginx/conf.d/default.conf:14
2018/04/10 09:40:53 [emerg] 1#1: host not found in upstream "autodeploy" in /etc/nginx/conf.d/default.conf:14
2018/04/10 09:40:59 [emerg] 1#1: host not found in upstream "autodeploy" in /etc/nginx/conf.d/default.conf:14
2018/04/10 09:41:06 [emerg] 1#1: host not found in upstream "autodeploy" in /etc/nginx/conf.d/default.conf:14
2018/04/10 09:41:12 [emerg] 1#1: host not found in upstream "autodeploy" in /etc/nginx/conf.d/default.conf:14
2018/04/10 09:41:18 [emerg] 1#1: host not found in upstream "autodeploy" in /etc/nginx/conf.d/default.conf:14
2018/04/10 09:41:24 [emerg] 1#1: host not found in upstream "autodeploy" in /etc/nginx/conf.d/default.conf:14
2018/04/10 09:41:30 [emerg] 1#1: host not found in upstream "autodeploy" in /etc/nginx/conf.d/default.conf:14
2018/04/10 09:41:36 [emerg] 1#1: host not found in upstream "autodeploy" in /etc/nginx/conf.d/default.conf:14
2018/04/10 09:41:42 [emerg] 1#1: host not found in upstream "autodeploy" in /etc/nginx/conf.d/default.conf:14
2018/04/10 09:41:48 [emerg] 1#1: host not found in upstream "autodeploy" in /etc/nginx/conf.d/default.conf:14
2018/04/10 09:41:54 [emerg] 1#1: host not found in upstream "autodeploy" in /etc/nginx/conf.d/default.conf:14
2018/04/10 09:42:00 [emerg] 1#1: host not found in upstream "autodeploy" in /etc/nginx/conf.d/default.conf:14
2018/04/10 09:42:07 [emerg] 1#1: host not found in upstream "autodeploy" in /etc/nginx/conf.d/default.conf:14
2018/04/10 09:42:13 [emerg] 1#1: host not found in upstream "autodeploy" in /etc/nginx/conf.d/default.conf:14
2018/04/10 09:42:19 [emerg] 1#1: host not found in upstream "autodeploy" in /etc/nginx/conf.d/default.conf:14
2018/04/10 09:42:25 [emerg] 1#1: host not found in upstream "autodeploy" in /etc/nginx/conf.d/default.conf:14
2018/04/10 09:42:31 [emerg] 1#1: host not found in upstream "autodeploy" in /etc/nginx/conf.d/default.conf:14
2018/04/10 09:42:37 [emerg] 1#1: host not found in upstream "autodeploy" in /etc/nginx/conf.d/default.conf:14
2018/04/10 09:42:43 [emerg] 1#1: host not found in upstream "autodeploy" in /etc/nginx/conf.d/default.conf:14
2018/04/10 09:42:49 [emerg] 1#1: host not found in upstream "autodeploy" in /etc/nginx/conf.d/default.conf:14
2018/04/10 09:42:55 [emerg] 1#1: host not found in upstream "autodeploy" in /etc/nginx/conf.d/default.conf:14
2018/04/10 09:43:01 [emerg] 1#1: host not found in upstream "autodeploy" in /etc/nginx/conf.d/default.conf:14
2018/04/10 09:43:07 [emerg] 1#1: host not found in upstream "autodeploy" in /etc/nginx/conf.d/default.conf:14
2018/04/10 09:43:14 [emerg] 1#1: host not found in upstream "autodeploy" in /etc/nginx/conf.d/default.conf:14
2018/04/10 09:43:20 [emerg] 1#1: host not found in upstream "autodeploy" in /etc/nginx/conf.d/default.conf:14
2018/04/10 09:43:26 [emerg] 1#1: host not found in upstream "autodeploy" in /etc/nginx/conf.d/default.conf:14
2018/04/10 09:43:32 [emerg] 1#1: host not found in upstream "autodeploy" in /etc/nginx/conf.d/default.conf:14
2018/04/10 09:43:38 [emerg] 1#1: host not found in upstream "autodeploy" in /etc/nginx/conf.d/default.conf:14
2018/04/10 09:43:44 [emerg] 1#1: host not found in upstream "autodeploy" in /etc/nginx/conf.d/default.conf:14
2018/04/10 09:43:51 [emerg] 1#1: host not found in upstream "autodeploy" in /etc/nginx/conf.d/default.conf:14
2018/04/10 09:43:57 [emerg] 1#1: host not found in upstream "autodeploy" in /etc/nginx/conf.d/default.conf:14
2018/04/10 09:44:03 [emerg] 1#1: host not found in upstream "autodeploy" in /etc/nginx/conf.d/default.conf:14
2018/04/10 09:44:10 [emerg] 1#1: host not found in upstream "autodeploy" in /etc/nginx/conf.d/default.conf:14
2018/04/10 09:44:16 [emerg] 1#1: host not found in upstream "autodeploy" in /etc/nginx/conf.d/default.conf:14
2018/04/10 09:44:22 [emerg] 1#1: host not found in upstream "autodeploy" in /etc/nginx/conf.d/default.conf:14
2018/04/10 09:44:28 [emerg] 1#1: host not found in upstream "autodeploy" in /etc/nginx/conf.d/default.conf:14
2018/04/10 09:44:34 [emerg] 1#1: host not found in upstream "autodeploy" in /etc/nginx/conf.d/default.conf:14
2018/04/10 09:44:40 [emerg] 1#1: host not found in upstream "autodeploy" in /etc/nginx/conf.d/default.conf:14
2018/04/10 09:44:46 [emerg] 1#1: host not found in upstream "autodeploy" in /etc/nginx/conf.d/default.conf:14
2018/04/10 09:44:52 [emerg] 1#1: host not found in upstream "autodeploy" in /etc/nginx/conf.d/default.conf:14
2018/04/10 09:44:58 [emerg] 1#1: host not found in upstream "autodeploy" in /etc/nginx/conf.d/default.conf:14
2018/04/10 09:45:04 [emerg] 1#1: host not found in upstream "autodeploy" in /etc/nginx/conf.d/default.conf:14
2018/04/10 09:45:11 [emerg] 1#1: host not found in upstream "autodeploy" in /etc/nginx/conf.d/default.conf:14
2018/04/10 09:45:17 [emerg] 1#1: host not found in upstream "autodeploy" in /etc/nginx/conf.d/default.conf:14
2018/04/10 09:45:23 [emerg] 1#1: host not found in upstream "autodeploy" in /etc/nginx/conf.d/default.conf:14
2018/04/10 09:45:29 [emerg] 1#1: host not found in upstream "autodeploy" in /etc/nginx/conf.d/default.conf:14
2018/04/10 09:45:35 [emerg] 1#1: host not found in upstream "autodeploy" in /etc/nginx/conf.d/default.conf:14
2018/04/10 09:45:41 [emerg] 1#1: host not found in upstream "autodeploy" in /etc/nginx/conf.d/default.conf:14
2018/04/10 09:45:47 [emerg] 1#1: host not found in upstream "autodeploy" in /etc/nginx/conf.d/default.conf:14
2018/04/10 09:45:53 [emerg] 1#1: host not found in upstream "autodeploy" in /etc/nginx/conf.d/default.conf:14
2018/04/10 09:45:59 [emerg] 1#1: host not found in upstream "autodeploy" in /etc/nginx/conf.d/default.conf:14
2018/04/10 09:46:05 [emerg] 1#1: host not found in upstream "autodeploy" in /etc/nginx/conf.d/default.conf:14
2018/04/10 09:46:12 [emerg] 1#1: host not found in upstream "autodeploy" in /etc/nginx/conf.d/default.conf:14
2018/04/10 09:46:18 [emerg] 1#1: host not found in upstream "autodeploy" in /etc/nginx/conf.d/default.conf:14
2018/04/10 09:46:24 [emerg] 1#1: host not found in upstream "autodeploy" in /etc/nginx/conf.d/default.conf:14
2018/04/10 09:46:30 [emerg] 1#1: host not found in upstream "autodeploy" in /etc/nginx/conf.d/default.conf:14
2018/04/10 09:46:36 [emerg] 1#1: host not found in upstream "autodeploy" in /etc/nginx/conf.d/default.conf:14
2018/04/10 09:46:42 [emerg] 1#1: host not found in upstream "autodeploy" in /etc/nginx/conf.d/default.conf:14
2018/04/10 09:46:48 [emerg] 1#1: host not found in upstream "autodeploy" in /etc/nginx/conf.d/default.conf:14
2018/04/10 09:46:54 [emerg] 1#1: host not found in upstream "autodeploy" in /etc/nginx/conf.d/default.conf:14
2018/04/10 09:47:00 [emerg] 1#1: host not found in upstream "autodeploy" in /etc/nginx/conf.d/default.conf:14
2018/04/10 09:47:06 [emerg] 1#1: host not found in upstream "autodeploy" in /etc/nginx/conf.d/default.conf:14
2018/04/10 09:47:12 [emerg] 1#1: host not found in upstream "autodeploy" in /etc/nginx/conf.d/default.conf:14
2018/04/10 09:47:18 [emerg] 1#1: host not found in upstream "autodeploy" in /etc/nginx/conf.d/default.conf:14
2018/04/10 09:47:24 [emerg] 1#1: host not found in upstream "autodeploy" in /etc/nginx/conf.d/default.conf:14
2018/04/10 09:47:30 [emerg] 1#1: host not found in upstream "autodeploy" in /etc/nginx/conf.d/default.conf:14
2018/04/10 09:47:36 [emerg] 1#1: host not found in upstream "autodeploy" in /etc/nginx/conf.d/default.conf:14
2018/04/10 09:47:42 [emerg] 1#1: host not found in upstream "autodeploy" in /etc/nginx/conf.d/default.conf:14
2018/04/10 09:47:49 [emerg] 1#1: host not found in upstream "autodeploy" in /etc/nginx/conf.d/default.conf:14
2018/04/10 09:47:55 [emerg] 1#1: host not found in upstream "autodeploy" in /etc/nginx/conf.d/default.conf:14
2018/04/10 09:48:01 [emerg] 1#1: host not found in upstream "autodeploy" in /etc/nginx/conf.d/default.conf:14
2018/04/10 09:48:07 [emerg] 1#1: host not found in upstream "autodeploy" in /etc/nginx/conf.d/default.conf:14
2018/04/10 09:48:13 [emerg] 1#1: host not found in upstream "autodeploy" in /etc/nginx/conf.d/default.conf:14
2018/04/10 09:48:19 [emerg] 1#1: host not found in upstream "autodeploy" in /etc/nginx/conf.d/default.conf:14
2018/04/10 09:48:25 [emerg] 1#1: host not found in upstream "autodeploy" in /etc/nginx/conf.d/default.conf:14
2018/04/10 09:48:32 [emerg] 1#1: host not found in upstream "autodeploy" in /etc/nginx/conf.d/default.conf:14
2018/04/10 09:48:37 [emerg] 1#1: host not found in upstream "autodeploy" in /etc/nginx/conf.d/default.conf:14
2018/04/10 09:48:43 [emerg] 1#1: host not found in upstream "autodeploy" in /etc/nginx/conf.d/default.conf:14
2018/04/10 09:48:49 [emerg] 1#1: host not found in upstream "autodeploy" in /etc/nginx/conf.d/default.conf:14
2018/04/10 09:48:55 [emerg] 1#1: host not found in upstream "autodeploy" in /etc/nginx/conf.d/default.conf:14
2018/04/10 09:49:02 [emerg] 1#1: host not found in upstream "autodeploy" in /etc/nginx/conf.d/default.conf:14
2018/04/10 09:49:08 [emerg] 1#1: host not found in upstream "autodeploy" in /etc/nginx/conf.d/default.conf:14
2018/04/10 09:49:14 [emerg] 1#1: host not found in upstream "autodeploy" in /etc/nginx/conf.d/default.conf:14
2018/04/10 09:49:20 [emerg] 1#1: host not found in upstream "autodeploy" in /etc/nginx/conf.d/default.conf:14
2018/04/10 09:49:26 [emerg] 1#1: host not found in upstream "autodeploy" in /etc/nginx/conf.d/default.conf:14
2018/04/10 09:49:33 [emerg] 1#1: host not found in upstream "autodeploy" in /etc/nginx/conf.d/default.conf:14
2018/04/10 09:49:38 [emerg] 1#1: host not found in upstream "autodeploy" in /etc/nginx/conf.d/default.conf:14
2018/04/10 09:49:45 [emerg] 1#1: host not found in upstream "autodeploy" in /etc/nginx/conf.d/default.conf:14
2018/04/10 09:49:51 [emerg] 1#1: host not found in upstream "autodeploy" in /etc/nginx/conf.d/default.conf:14
2018/04/10 09:49:57 [emerg] 1#1: host not found in upstream "autodeploy" in /etc/nginx/conf.d/default.conf:14
2018/04/10 09:50:03 [emerg] 1#1: host not found in upstream "autodeploy" in /etc/nginx/conf.d/default.conf:14
2018/04/10 09:50:10 [emerg] 1#1: host not found in upstream "autodeploy" in /etc/nginx/conf.d/default.conf:14
2018/04/10 09:50:16 [emerg] 1#1: host not found in upstream "autodeploy" in /etc/nginx/conf.d/default.conf:14
2018/04/10 09:50:23 [emerg] 1#1: host not found in upstream "autodeploy" in /etc/nginx/conf.d/default.conf:14
2018/04/10 09:50:29 [emerg] 1#1: host not found in upstream "autodeploy" in /etc/nginx/conf.d/default.conf:14
2018/04/10 09:50:35 [emerg] 1#1: host not found in upstream "autodeploy" in /etc/nginx/conf.d/default.conf:14
2018/04/10 09:50:40 [emerg] 1#1: host not found in upstream "autodeploy" in /etc/nginx/conf.d/default.conf:14
2018/04/10 09:50:47 [emerg] 1#1: host not found in upstream "autodeploy" in /etc/nginx/conf.d/default.conf:14
2018/04/10 09:50:53 [emerg] 1#1: host not found in upstream "autodeploy" in /etc/nginx/conf.d/default.conf:14
2018/04/10 09:50:59 [emerg] 1#1: host not found in upstream "autodeploy" in /etc/nginx/conf.d/default.conf:14
2018/04/10 09:51:05 [emerg] 1#1: host not found in upstream "autodeploy" in /etc/nginx/conf.d/default.conf:14
2018/04/10 09:51:11 [emerg] 1#1: host not found in upstream "autodeploy" in /etc/nginx/conf.d/default.conf:14
2018/04/10 09:51:17 [emerg] 1#1: host not found in upstream "autodeploy" in /etc/nginx/conf.d/default.conf:14
2018/04/10 09:51:23 [emerg] 1#1: host not found in upstream "autodeploy" in /etc/nginx/conf.d/default.conf:14
2018/04/10 09:51:29 [emerg] 1#1: host not found in upstream "autodeploy" in /etc/nginx/conf.d/default.conf:14
2018/04/10 09:51:35 [emerg] 1#1: host not found in upstream "autodeploy" in /etc/nginx/conf.d/default.conf:14
2018/04/10 09:51:42 [emerg] 1#1: host not found in upstream "autodeploy" in /etc/nginx/conf.d/default.conf:14
2018/04/10 09:51:47 [emerg] 1#1: host not found in upstream "autodeploy" in /etc/nginx/conf.d/default.conf:14
2018/04/10 09:51:53 [emerg] 1#1: host not found in upstream "autodeploy" in /etc/nginx/conf.d/default.conf:14
2018/04/10 09:51:59 [emerg] 1#1: host not found in upstream "autodeploy" in /etc/nginx/conf.d/default.conf:14
2018/04/10 09:52:05 [emerg] 1#1: host not found in upstream "autodeploy" in /etc/nginx/conf.d/default.conf:14
2018/04/10 09:52:11 [emerg] 1#1: host not found in upstream "autodeploy" in /etc/nginx/conf.d/default.conf:14
2018/04/10 09:52:17 [emerg] 1#1: host not found in upstream "autodeploy" in /etc/nginx/conf.d/default.conf:14
2018/04/10 09:52:23 [emerg] 1#1: host not found in upstream "autodeploy" in /etc/nginx/conf.d/default.conf:14
2018/04/10 09:52:29 [emerg] 1#1: host not found in upstream "autodeploy" in /etc/nginx/conf.d/default.conf:14
2018/04/10 09:52:35 [emerg] 1#1: host not found in upstream "autodeploy" in /etc/nginx/conf.d/default.conf:14
2018/04/10 09:52:42 [emerg] 1#1: host not found in upstream "autodeploy" in /etc/nginx/conf.d/default.conf:14
2018/04/10 09:52:48 [emerg] 1#1: host not found in upstream "autodeploy" in /etc/nginx/conf.d/default.conf:14
2018/04/10 09:52:54 [emerg] 1#1: host not found in upstream "autodeploy" in /etc/nginx/conf.d/default.conf:14
2018/04/10 09:53:00 [emerg] 1#1: host not found in upstream "autodeploy" in /etc/nginx/conf.d/default.conf:14
2018/04/10 09:53:06 [emerg] 1#1: host not found in upstream "autodeploy" in /etc/nginx/conf.d/default.conf:14
2018/04/10 09:53:13 [emerg] 1#1: host not found in upstream "autodeploy" in /etc/nginx/conf.d/default.conf:14
2018/04/10 09:53:19 [emerg] 1#1: host not found in upstream "autodeploy" in /etc/nginx/conf.d/default.conf:14
2018/04/10 09:53:25 [emerg] 1#1: host not found in upstream "autodeploy" in /etc/nginx/conf.d/default.conf:14
2018/04/10 09:53:31 [emerg] 1#1: host not found in upstream "autodeploy" in /etc/nginx/conf.d/default.conf:14
2018/04/10 09:53:37 [emerg] 1#1: host not found in upstream "autodeploy" in /etc/nginx/conf.d/default.conf:14
2018/04/10 09:53:44 [emerg] 1#1: host not found in upstream "autodeploy" in /etc/nginx/conf.d/default.conf:14
2018/04/10 09:53:50 [emerg] 1#1: host not found in upstream "autodeploy" in /etc/nginx/conf.d/default.conf:14
2018/04/10 09:53:56 [emerg] 1#1: host not found in upstream "autodeploy" in /etc/nginx/conf.d/default.conf:14
2018/04/10 09:54:02 [emerg] 1#1: host not found in upstream "autodeploy" in /etc/nginx/conf.d/default.conf:14
2018/04/10 09:54:09 [emerg] 1#1: host not found in upstream "autodeploy" in /etc/nginx/conf.d/default.conf:14
2018/04/10 09:54:15 [emerg] 1#1: host not found in upstream "autodeploy" in /etc/nginx/conf.d/default.conf:14
2018/04/10 09:54:21 [emerg] 1#1: host not found in upstream "autodeploy" in /etc/nginx/conf.d/default.conf:14
2018/04/10 09:54:27 [emerg] 1#1: host not found in upstream "autodeploy" in /etc/nginx/conf.d/default.conf:14
2018/04/10 09:54:33 [emerg] 1#1: host not found in upstream "autodeploy" in /etc/nginx/conf.d/default.conf:14
2018/04/10 09:54:40 [emerg] 1#1: host not found in upstream "autodeploy" in /etc/nginx/conf.d/default.conf:14
2018/04/10 09:54:46 [emerg] 1#1: host not found in upstream "autodeploy" in /etc/nginx/conf.d/default.conf:14
2018/04/10 09:54:52 [emerg] 1#1: host not found in upstream "autodeploy" in /etc/nginx/conf.d/default.conf:14
2018/04/10 09:54:58 [emerg] 1#1: host not found in upstream "autodeploy" in /etc/nginx/conf.d/default.conf:14
2018/04/10 09:55:07 [emerg] 1#1: host not found in upstream "autodeploy" in /etc/nginx/conf.d/default.conf:14
2018/04/10 09:55:13 [emerg] 1#1: host not found in upstream "autodeploy" in /etc/nginx/conf.d/default.conf:14
2018/04/10 09:55:19 [emerg] 1#1: host not found in upstream "autodeploy" in /etc/nginx/conf.d/default.conf:14
2018/04/10 09:55:25 [emerg] 1#1: host not found in upstream "autodeploy" in /etc/nginx/conf.d/default.conf:14
2018/04/10 09:55:31 [emerg] 1#1: host not found in upstream "autodeploy" in /etc/nginx/conf.d/default.conf:14
2018/04/10 09:55:37 [emerg] 1#1: host not found in upstream "autodeploy" in /etc/nginx/conf.d/default.conf:14
2018/04/10 09:55:43 [emerg] 1#1: host not found in upstream "autodeploy" in /etc/nginx/conf.d/default.conf:14
2018/04/10 09:55:49 [emerg] 1#1: host not found in upstream "autodeploy" in /etc/nginx/conf.d/default.conf:14
2018/04/10 09:55:55 [emerg] 1#1: host not found in upstream "autodeploy" in /etc/nginx/conf.d/default.conf:14
2018/04/10 09:56:01 [emerg] 1#1: host not found in upstream "autodeploy" in /etc/nginx/conf.d/default.conf:14
2018/04/10 09:56:07 [emerg] 1#1: host not found in upstream "autodeploy" in /etc/nginx/conf.d/default.conf:14
2018/04/10 09:56:13 [emerg] 1#1: host not found in upstream "autodeploy" in /etc/nginx/conf.d/default.conf:14
2018/04/10 09:56:20 [emerg] 1#1: host not found in upstream "autodeploy" in /etc/nginx/conf.d/default.conf:14
2018/04/10 13:57:34 [emerg] 1#1: host not found in upstream "autodeploy" in /etc/nginx/conf.d/default.conf:14
2018/04/10 13:57:41 [emerg] 1#1: host not found in upstream "autodeploy" in /etc/nginx/conf.d/default.conf:14
2018/04/10 13:57:47 [emerg] 1#1: host not found in upstream "autodeploy" in /etc/nginx/conf.d/default.conf:14
2018/04/10 13:57:53 [emerg] 1#1: host not found in upstream "autodeploy" in /etc/nginx/conf.d/default.conf:14
2018/04/10 13:58:00 [emerg] 1#1: host not found in upstream "autodeploy" in /etc/nginx/conf.d/default.conf:14
2018/04/10 13:58:06 [emerg] 1#1: host not found in upstream "autodeploy" in /etc/nginx/conf.d/default.conf:14
2018/04/10 13:58:13 [emerg] 1#1: host not found in upstream "autodeploy" in /etc/nginx/conf.d/default.conf:14
2018/04/10 13:58:19 [emerg] 1#1: host not found in upstream "autodeploy" in /etc/nginx/conf.d/default.conf:14
2018/04/10 13:58:25 [emerg] 1#1: host not found in upstream "autodeploy" in /etc/nginx/conf.d/default.conf:14
2018/04/10 13:58:32 [emerg] 1#1: host not found in upstream "autodeploy" in /etc/nginx/conf.d/default.conf:14
2018/04/10 13:58:38 [emerg] 1#1: host not found in upstream "autodeploy" in /etc/nginx/conf.d/default.conf:14
2018/04/10 13:58:44 [emerg] 1#1: host not found in upstream "autodeploy" in /etc/nginx/conf.d/default.conf:14
2018/04/10 13:58:51 [emerg] 1#1: host not found in upstream "autodeploy" in /etc/nginx/conf.d/default.conf:14
2018/04/10 13:58:57 [emerg] 1#1: host not found in upstream "autodeploy" in /etc/nginx/conf.d/default.conf:14
2018/04/10 13:59:04 [emerg] 1#1: host not found in upstream "autodeploy" in /etc/nginx/conf.d/default.conf:14
2018/04/10 13:59:10 [emerg] 1#1: host not found in upstream "autodeploy" in /etc/nginx/conf.d/default.conf:14
2018/04/10 13:59:16 [emerg] 1#1: host not found in upstream "autodeploy" in /etc/nginx/conf.d/default.conf:14
2018/04/10 13:59:23 [emerg] 1#1: host not found in upstream "autodeploy" in /etc/nginx/conf.d/default.conf:14
2018/04/10 13:59:29 [emerg] 1#1: host not found in upstream "autodeploy" in /etc/nginx/conf.d/default.conf:14
2018/04/10 13:59:36 [emerg] 1#1: host not found in upstream "autodeploy" in /etc/nginx/conf.d/default.conf:14
2018/04/10 13:59:43 [emerg] 1#1: host not found in upstream "autodeploy" in /etc/nginx/conf.d/default.conf:14
2018/04/10 13:59:49 [emerg] 1#1: host not found in upstream "autodeploy" in /etc/nginx/conf.d/default.conf:14
2018/04/10 13:59:56 [emerg] 1#1: host not found in upstream "autodeploy" in /etc/nginx/conf.d/default.conf:14
2018/04/10 14:00:03 [emerg] 1#1: host not found in upstream "autodeploy" in /etc/nginx/conf.d/default.conf:14
2018/04/10 14:00:11 [emerg] 1#1: host not found in upstream "autodeploy" in /etc/nginx/conf.d/default.conf:14
2018/04/10 14:00:20 [emerg] 1#1: host not found in upstream "autodeploy" in /etc/nginx/conf.d/default.conf:14
2018/04/10 14:00:30 [emerg] 1#1: host not found in upstream "autodeploy" in /etc/nginx/conf.d/default.conf:14
2018/04/10 14:00:36 [emerg] 1#1: host not found in upstream "autodeploy" in /etc/nginx/conf.d/default.conf:14
2018/04/10 14:00:42 [emerg] 1#1: host not found in upstream "autodeploy" in /etc/nginx/conf.d/default.conf:14
2018/04/10 14:00:50 [emerg] 1#1: host not found in upstream "autodeploy" in /etc/nginx/conf.d/default.conf:14
2018/04/10 14:00:59 [emerg] 1#1: host not found in upstream "autodeploy" in /etc/nginx/conf.d/default.conf:14
2018/04/10 14:01:05 [emerg] 1#1: host not found in upstream "autodeploy" in /etc/nginx/conf.d/default.conf:14
2018/04/10 14:01:11 [emerg] 1#1: host not found in upstream "autodeploy" in /etc/nginx/conf.d/default.conf:14
2018/04/10 14:01:17 [emerg] 1#1: host not found in upstream "autodeploy" in /etc/nginx/conf.d/default.conf:14
2018/04/10 14:01:24 [emerg] 1#1: host not found in upstream "autodeploy" in /etc/nginx/conf.d/default.conf:14
2018/04/10 14:01:31 [emerg] 1#1: host not found in upstream "autodeploy" in /etc/nginx/conf.d/default.conf:14
2018/04/10 14:01:37 [emerg] 1#1: host not found in upstream "autodeploy" in /etc/nginx/conf.d/default.conf:14
2018/04/10 14:01:43 [emerg] 1#1: host not found in upstream "autodeploy" in /etc/nginx/conf.d/default.conf:14
2018/04/10 14:01:50 [emerg] 1#1: host not found in upstream "autodeploy" in /etc/nginx/conf.d/default.conf:14
2018/04/10 14:01:56 [emerg] 1#1: host not found in upstream "autodeploy" in /etc/nginx/conf.d/default.conf:14
2018/04/10 14:02:02 [emerg] 1#1: host not found in upstream "autodeploy" in /etc/nginx/conf.d/default.conf:14
2018/04/10 14:02:09 [emerg] 1#1: host not found in upstream "autodeploy" in /etc/nginx/conf.d/default.conf:14
2018/04/10 14:02:15 [emerg] 1#1: host not found in upstream "autodeploy" in /etc/nginx/conf.d/default.conf:14
2018/04/10 14:02:21 [emerg] 1#1: host not found in upstream "autodeploy" in /etc/nginx/conf.d/default.conf:14
2018/04/10 14:02:27 [emerg] 1#1: host not found in upstream "autodeploy" in /etc/nginx/conf.d/default.conf:14
2018/04/10 14:02:35 [emerg] 1#1: host not found in upstream "autodeploy" in /etc/nginx/conf.d/default.conf:14
2018/04/10 14:02:41 [emerg] 1#1: host not found in upstream "autodeploy" in /etc/nginx/conf.d/default.conf:14
2018/04/10 14:02:47 [emerg] 1#1: host not found in upstream "autodeploy" in /etc/nginx/conf.d/default.conf:14
2018/04/10 14:02:53 [emerg] 1#1: host not found in upstream "autodeploy" in /etc/nginx/conf.d/default.conf:14
2018/04/10 14:02:59 [emerg] 1#1: host not found in upstream "autodeploy" in /etc/nginx/conf.d/default.conf:14
2018/04/10 14:03:05 [emerg] 1#1: host not found in upstream "autodeploy" in /etc/nginx/conf.d/default.conf:14
2018/04/10 14:03:12 [emerg] 1#1: host not found in upstream "autodeploy" in /etc/nginx/conf.d/default.conf:14
2018/04/10 14:03:18 [emerg] 1#1: host not found in upstream "autodeploy" in /etc/nginx/conf.d/default.conf:14
2018/04/10 14:03:26 [emerg] 1#1: host not found in upstream "autodeploy" in /etc/nginx/conf.d/default.conf:14
2018/04/10 14:03:32 [emerg] 1#1: host not found in upstream "autodeploy" in /etc/nginx/conf.d/default.conf:14
2018/04/10 14:03:39 [emerg] 1#1: host not found in upstream "autodeploy" in /etc/nginx/conf.d/default.conf:14
2018/04/10 14:03:45 [emerg] 1#1: host not found in upstream "autodeploy" in /etc/nginx/conf.d/default.conf:14
2018/04/10 14:06:05 [error] 5#5: *1 open() "/usr/share/nginx/html/favicon.ico" failed (2: No such file or directory), client: 10.255.0.2, server: localhost, request: "GET /favicon.ico HTTP/1.1", host: "192.168.99.103", referrer: "http://192.168.99.103/"
2018/04/10 14:06:09 [error] 5#5: *1 open() "/usr/share/nginx/html/test" failed (2: No such file or directory), client: 10.255.0.2, server: localhost, request: "GET /test HTTP/1.1", host: "192.168.99.103"
2018/04/10 14:07:05 [error] 5#5: *1 open() "/usr/share/nginx/html/test" failed (2: No such file or directory), client: 10.255.0.2, server: localhost, request: "GET /test HTTP/1.1", host: "192.168.99.103"
